Using pre-set license
Built from '2020.3/staging' branch; Version is '2020.3.0f1 (c7b5465681fb) revision 13088070'; Using compiler version '192528614'; Build Type 'Release'
OS: 'Windows 10 Pro; OS build 19042.985; Version 2009; 64bit' Language: 'en' Physical Memory: 8143 MB
BatchMode: 1, IsHumanControllingUs: 0, StartBugReporterOnCrash: 0, Is64bit: 1, IsPro: 0

 COMMAND LINE ARGUMENTS:
D:\Unity\2020.3.0f1\Editor\Unity.exe
-adb2
-batchMode
-noUpm
-name
AssetImportWorker0
-projectPath
C:/Users/petri/Documents/GitHub/SmashBeats
-logFile
Logs/AssetImportWorker0.log
-srvPort
52616
Successfully changed project path to: C:/Users/petri/Documents/GitHub/SmashBeats
C:/Users/petri/Documents/GitHub/SmashBeats
Using Asset Import Pipeline V2.
Refreshing native plugins compatible for Editor in 29.10 ms, found 0 plugins.
Preloading 0 native plugins for Editor in 0.00 ms.
Initialize engine version: 2020.3.0f1 (c7b5465681fb)
[Subsystems] Discovering subsystems at path D:/Unity/2020.3.0f1/Editor/Data/Resources/UnitySubsystems
[Subsystems] Discovering subsystems at path C:/Users/petri/Documents/GitHub/SmashBeats/Assets
GfxDevice: creating device client; threaded=0
Direct3D:
    Version:  Direct3D 11.0 [level 11.1]
    Renderer: Radeon RX 580 Series (ID=0x67df)
    Vendor:   
    VRAM:     8171 MB
    Driver:   27.20.1034.6
Initialize mono
Mono path[0] = 'D:/Unity/2020.3.0f1/Editor/Data/Managed'
Mono path[1] = 'D:/Unity/2020.3.0f1/Editor/Data/MonoBleedingEdge/lib/mono/unityjit'
Mono config path = 'D:/Unity/2020.3.0f1/Editor/Data/MonoBleedingEdge/etc'
Using monoOptions --debugger-agent=transport=dt_socket,embedding=1,server=y,suspend=n,address=127.0.0.1:56192
Begin MonoManager ReloadAssembly
Registering precompiled unity dll's ...
Register platform support module: D:/Unity/2020.3.0f1/Editor/Data/PlaybackEngines/WebGLSupport/UnityEditor.WebGL.Extensions.dll
Register platform support module: D:/Unity/2020.3.0f1/Editor/Data/PlaybackEngines/WindowsStandaloneSupport/UnityEditor.WindowsStandalone.Extensions.dll
Registered in 0.001762 seconds.
Native extension for WindowsStandalone target not found
Native extension for WebGL target not found
Refreshing native plugins compatible for Editor in 25.45 ms, found 0 plugins.
Preloading 0 native plugins for Editor in 0.00 ms.
Unable to find bridge dll in registry for Microsoft Visual Studio Tools for Unity for C:\Program Files (x86)\Microsoft Visual Studio\2019\Community\Common7\IDE\devenv.exe
Invoked RoslynAnalysisRunner static constructor.
RoslynAnalysisRunner will not be running.
RoslynAnalysisRunner has terminated.
Mono: successfully reloaded assembly
- Completed reload, in  1.495 seconds
Platform modules already initialized, skipping
Registering precompiled user dll's ...
Registered in 0.000822 seconds.
Begin MonoManager ReloadAssembly
Native extension for WindowsStandalone target not found
Native extension for WebGL target not found
Refreshing native plugins compatible for Editor in 0.25 ms, found 0 plugins.
Preloading 0 native plugins for Editor in 0.00 ms.
Invoked RoslynAnalysisRunner static constructor.
RoslynAnalysisRunner will not be running.
RoslynAnalysisRunner has terminated.
Mono: successfully reloaded assembly
- Completed reload, in  0.936 seconds
Platform modules already initialized, skipping
========================================================================
Worker process is ready to serve import requests
Launched and connected shader compiler UnityShaderCompiler.exe after 0.05 seconds
Refreshing native plugins compatible for Editor in 0.24 ms, found 0 plugins.
Preloading 0 native plugins for Editor in 0.00 ms.
Unloading 1113 Unused Serialized files (Serialized files now loaded: 0)
System memory in use before: 56.8 MB.
System memory in use after: 56.9 MB.

Unloading 10 unused Assets to reduce memory usage. Loaded Objects now: 1555.
Total: 1.876900 ms (FindLiveObjects: 0.181400 ms CreateObjectMapping: 0.035800 ms MarkObjects: 1.574400 ms  DeleteObjects: 0.083900 ms)

========================================================================
Received Import Request.
  path: Assets/Black.mat
  artifactKey: Guid(e6a52a190fb045347baf503a980944de) Importer(815301076,1909f56bfc062723c751e8b465ee728b)
Start importing Assets/Black.mat using Guid(e6a52a190fb045347baf503a980944de) Importer(815301076,1909f56bfc062723c751e8b465ee728b)  -> (artifact id: 'bbc98c6485817be6197868a0ec51da72') in 2.277239 seconds
  Import took 2.279536 seconds .

========================================================================
Received Import Request.
  Time since last request: 0.000200 seconds.
  path: Assets/Blue.mat
  artifactKey: Guid(4d525a5edc951354d9c27faf0f05c3a1) Importer(815301076,1909f56bfc062723c751e8b465ee728b)
Start importing Assets/Blue.mat using Guid(4d525a5edc951354d9c27faf0f05c3a1) Importer(815301076,1909f56bfc062723c751e8b465ee728b)  -> (artifact id: '7a48f8757e472cfa02e7761dff7c050d') in 0.461192 seconds
  Import took 0.463299 seconds .

========================================================================
Received Import Request.
  Time since last request: 0.000219 seconds.
  path: Assets/Black.mat
  artifactKey: Guid(e6a52a190fb045347baf503a980944de) Importer(815301076,1909f56bfc062723c751e8b465ee728b)
Start importing Assets/Black.mat using Guid(e6a52a190fb045347baf503a980944de) Importer(815301076,1909f56bfc062723c751e8b465ee728b)  -> (artifact id: 'bbc98c6485817be6197868a0ec51da72') in 0.009144 seconds
  Import took 0.011162 seconds .

========================================================================
Received Import Request.
  Time since last request: 17.135903 seconds.
  path: Assets/Red.mat
  artifactKey: Guid(9f27e445dfb9142479cb22798d953b2a) Importer(815301076,1909f56bfc062723c751e8b465ee728b)
Start importing Assets/Red.mat using Guid(9f27e445dfb9142479cb22798d953b2a) Importer(815301076,1909f56bfc062723c751e8b465ee728b)  -> (artifact id: '45aa4e1ad1bdadaa0d4ce0e06517242d') in 0.014693 seconds
  Import took 0.017015 seconds .

========================================================================
Received Import Request.
  Time since last request: 6.504905 seconds.
  path: Assets/Saber.mat
  artifactKey: Guid(f190e466ad6abf340a54073eb4f2a734) Importer(815301076,1909f56bfc062723c751e8b465ee728b)
Start importing Assets/Saber.mat using Guid(f190e466ad6abf340a54073eb4f2a734) Importer(815301076,1909f56bfc062723c751e8b465ee728b)  -> (artifact id: 'c49aa386f7c2a0e5b9409cd7d8dbf7ba') in 0.013746 seconds
  Import took 0.016054 seconds .

========================================================================
Received Prepare
Registering precompiled user dll's ...
Registered in 0.001308 seconds.
Begin MonoManager ReloadAssembly
Native extension for WindowsStandalone target not found
Native extension for WebGL target not found
Refreshing native plugins compatible for Editor in 0.72 ms, found 1 plugins.
Preloading 0 native plugins for Editor in 0.00 ms.
Invoked RoslynAnalysisRunner static constructor.
RoslynAnalysisRunner will not be running.
RoslynAnalysisRunner has terminated.
Mono: successfully reloaded assembly
- Completed reload, in  1.360 seconds
Platform modules already initialized, skipping
Shader 'Oculus/OVRMRCameraFrameLit': fallback shader 'Alpha-Diffuse' not found
Shader 'Oculus/OVRMRCameraFrameLit': fallback shader 'Alpha-Diffuse' not found
Refreshing native plugins compatible for Editor in 0.71 ms, found 1 plugins.
Preloading 0 native plugins for Editor in 0.00 ms.
Unloading 1638 Unused Serialized files (Serialized files now loaded: 0)
System memory in use before: 156.4 MB.
System memory in use after: 149.8 MB.

Unloading 70 unused Assets to reduce memory usage. Loaded Objects now: 2067.
Total: 6.398600 ms (FindLiveObjects: 0.216100 ms CreateObjectMapping: 0.046400 ms MarkObjects: 1.592600 ms  DeleteObjects: 4.542200 ms)

AssetImportWorkerClient::OnTransportError - code=2 error=End of file
